[debug] [2023-01-03T23:41:55.001Z] ----------------------------------------------------------------------
[debug] [2023-01-03T23:41:55.003Z] Command:       /Users/hectorveitia/.nvm/versions/node/v16.10.0/bin/node /Users/hectorveitia/.nvm/versions/node/v16.10.0/bin/firebase init
[debug] [2023-01-03T23:41:55.003Z] CLI Version:   11.19.0
[debug] [2023-01-03T23:41:55.003Z] Platform:      darwin
[debug] [2023-01-03T23:41:55.003Z] Node Version:  v16.10.0
[debug] [2023-01-03T23:41:55.005Z] Time:          Tue Jan 03 2023 18:41:55 GMT-0500 (Ecuador Time)
[debug] [2023-01-03T23:41:55.005Z] ----------------------------------------------------------------------
[debug] 
[debug] [2023-01-03T23:41:55.011Z] > command requires scopes: ["email","openid","https://www.googleapis.com/auth/cloudplatformprojects.readonly","https://www.googleapis.com/auth/firebase","https://www.googleapis.com/auth/cloud-platform"]
[debug] [2023-01-03T23:41:55.011Z] > authorizing via signed-in user (hveitia86@gmail.com)
[info] 
     ######## #### ########  ######## ########     ###     ######  ########
     ##        ##  ##     ## ##       ##     ##  ##   ##  ##       ##
     ######    ##  ########  ######   ########  #########  ######  ######
     ##        ##  ##    ##  ##       ##     ## ##     ##       ## ##
     ##       #### ##     ## ######## ########  ##     ##  ######  ########

You're about to initialize a Firebase project in this directory:

  /Users/hectorveitia/Documents/Work/SData/Juderias/juderias-web

[info] 
=== Project Setup
[info] 
[info] First, let's associate this project directory with a Firebase project.
[info] You can create multiple project aliases by running firebase use --add, 
[info] but for now we'll just set up a default project.
[info] 
[debug] [2023-01-03T23:42:01.744Z] >>> [apiv2][query] GET https://firebase.googleapis.com/v1beta1/projects pageSize=100
[debug] [2023-01-03T23:42:02.161Z] <<< [apiv2][status] GET https://firebase.googleapis.com/v1beta1/projects 200
[debug] [2023-01-03T23:42:02.161Z] <<< [apiv2][body] GET https://firebase.googleapis.com/v1beta1/projects [omitted]
[info] i  Using project juderias-87615 (juderias) 
[info] 
=== Hosting Setup
[info] 
[info] Your public directory is the folder (relative to your project directory) that
[info] will contain Hosting assets to be uploaded with firebase deploy. If you
[info] have a build process for your assets, use your build's output directory.
[info] 
[debug] [2023-01-03T23:42:38.190Z] >>> [apiv2][query] GET https://www.gstatic.com/firebasejs/releases.json [none]
[debug] [2023-01-03T23:42:38.613Z] <<< [apiv2][status] GET https://www.gstatic.com/firebasejs/releases.json 200
[debug] [2023-01-03T23:42:38.614Z] <<< [apiv2][body] GET https://www.gstatic.com/firebasejs/releases.json {"current":{"version":"9.15.0","browserURL":"https://www.gstatic.com/firebasejs/9.15.0/firebase.js","packageURL":"https://www.gstatic.com/firebasejs/9.15.0/firebase.tgz"},"live":{"version":"9.15","browserURL":"https://www.gstatic.com/firebasejs/live/9.15/firebase.js","packageURL":"https://www.gstatic.com/firebasejs/live/9.15/firebase.tgz"},"components":{"analytics":"https://www.gstatic.com/firebasejs/9.15.0/firebase-analytics.js","app":"https://www.gstatic.com/firebasejs/9.15.0/firebase-app.js","app-check":"https://www.gstatic.com/firebasejs/9.15.0/firebase-app-check.js","auth":"https://www.gstatic.com/firebasejs/9.15.0/firebase-auth.js","auth/cordova":"https://www.gstatic.com/firebasejs/9.15.0/firebase-auth/cordova.js","auth/react-native":"https://www.gstatic.com/firebasejs/9.15.0/firebase-auth/react-native.js","functions":"https://www.gstatic.com/firebasejs/9.15.0/firebase-functions.js","firestore":"https://www.gstatic.com/firebasejs/9.15.0/firebase-firestore.js","firestore/lite":"https://www.gstatic.com/firebasejs/9.15.0/firebase-firestore/lite.js","installations":"https://www.gstatic.com/firebasejs/9.15.0/firebase-installations.js","storage":"https://www.gstatic.com/firebasejs/9.15.0/firebase-storage.js","performance":"https://www.gstatic.com/firebasejs/9.15.0/firebase-performance.js","remote-config":"https://www.gstatic.com/firebasejs/9.15.0/firebase-remote-config.js","messaging":"https://www.gstatic.com/firebasejs/9.15.0/firebase-messaging.js","messaging/sw":"https://www.gstatic.com/firebasejs/9.15.0/firebase-messaging/sw.js","database":"https://www.gstatic.com/firebasejs/9.15.0/firebase-database.js","firestore.memory":"https://www.gstatic.com/firebasejs/9.15.0/firebase-firestore.memory.js"}}
[info] ✔  Wrote dist/index.html 
[info] 
[info] i  Detected a .git folder at /Users/hectorveitia/Documents/Work/SData/Juderias/juderias-web 
[info] i  Authorizing with GitHub to upload your service account to a GitHub repository's secrets store. 
[info] 
[info] Visit this URL on this device to log in:
[info] https://github.com/login/oauth/authorize?client_id=89cf50f02ac6aaed3484&state=1023603091&redirect_uri=http%3A%2F%2Flocalhost%3A9005&scope=read%3Auser%20repo%20public_repo
[info] 
[info] Waiting for authentication...
[debug] [2023-01-03T23:42:46.643Z] >>> [apiv2][query] POST https://github.com/login/oauth/access_token [none]
[debug] [2023-01-03T23:42:46.643Z] >>> [apiv2][body] POST https://github.com/login/oauth/access_token [stream]
[debug] [2023-01-03T23:42:47.025Z] <<< [apiv2][status] POST https://github.com/login/oauth/access_token 200
[debug] [2023-01-03T23:42:47.025Z] <<< [apiv2][body] POST https://github.com/login/oauth/access_token {"access_token":"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","token_type":"bearer","scope":"read:user,repo"}
[debug] [2023-01-03T23:42:47.030Z] >>> [apiv2][query] GET https://api.github.com/user [none]
[debug] [2023-01-03T23:42:47.440Z] <<< [apiv2][status] GET https://api.github.com/user 200
[debug] [2023-01-03T23:42:47.440Z] <<< [apiv2][body] GET https://api.github.com/user {"login":"hveitia","id":55155550,"node_id":"MDQ6VXNlcjU1MTU1NTUw","avatar_url":"https://avatars.githubusercontent.com/u/55155550?v=4","gravatar_id":"","url":"https://api.github.com/users/hveitia","html_url":"https://github.com/hveitia","followers_url":"https://api.github.com/users/hveitia/followers","following_url":"https://api.github.com/users/hveitia/following{/other_user}","gists_url":"https://api.github.com/users/hveitia/gists{/gist_id}","starred_url":"https://api.github.com/users/hveitia/starred{/owner}{/repo}","subscriptions_url":"https://api.github.com/users/hveitia/subscriptions","organizations_url":"https://api.github.com/users/hveitia/orgs","repos_url":"https://api.github.com/users/hveitia/repos","events_url":"https://api.github.com/users/hveitia/events{/privacy}","received_events_url":"https://api.github.com/users/hveitia/received_events","type":"User","site_admin":false,"name":"Hector Veitia Vila","company":null,"blog":"https://fernando-herrera.com/logros/#/hveitia86@icloud.com","location":"Quito","email":null,"hireable":null,"bio":null,"twitter_username":"hveitia86","public_repos":25,"public_gists":0,"followers":1,"following":0,"created_at":"2019-09-10T17:20:06Z","updated_at":"2023-01-03T23:42:42Z","private_gists":0,"total_private_repos":17,"owned_private_repos":17,"disk_usage":237260,"collaborators":0,"two_factor_authentication":false,"plan":{"name":"free","space":976562499,"collaborators":0,"private_repos":10000}}
[info] 
[info] ✔  Success! Logged into GitHub as hveitia 
[info] 
[debug] [2023-01-03T23:42:57.383Z] >>> [apiv2][query] GET https://api.github.com/repos//actions/secrets/public-key type=owner
[debug] [2023-01-03T23:42:57.716Z] <<< [apiv2][status] GET https://api.github.com/repos//actions/secrets/public-key 404
[debug] [2023-01-03T23:42:57.717Z] <<< [apiv2][body] GET https://api.github.com/repos//actions/secrets/public-key {"message":"Not Found","documentation_url":"https://docs.github.com/rest"}
[debug] [2023-01-03T23:43:22.156Z] >>> [apiv2][query] GET https://api.github.com/repos/hveitia/juderias/actions/secrets/public-key type=owner
[debug] [2023-01-03T23:43:22.640Z] <<< [apiv2][status] GET https://api.github.com/repos/hveitia/juderias/actions/secrets/public-key 404
[debug] [2023-01-03T23:43:22.640Z] <<< [apiv2][body] GET https://api.github.com/repos/hveitia/juderias/actions/secrets/public-key {"message":"Not Found","documentation_url":"https://docs.github.com/rest/reference/actions#get-a-repository-public-key"}
[debug] [2023-01-03T23:43:24.492Z] >>> [apiv2][query] GET https://api.github.com/repos/hveitia/juderias/actions/secrets/public-key type=owner
[debug] [2023-01-03T23:43:24.847Z] <<< [apiv2][status] GET https://api.github.com/repos/hveitia/juderias/actions/secrets/public-key 404
[debug] [2023-01-03T23:43:24.848Z] <<< [apiv2][body] GET https://api.github.com/repos/hveitia/juderias/actions/secrets/public-key {"message":"Not Found","documentation_url":"https://docs.github.com/rest/reference/actions#get-a-repository-public-key"}
[debug] [2023-01-03T23:43:26.721Z] >>> [apiv2][query] GET https://api.github.com/repos/hveitia/juderias/actions/secrets/public-key type=owner
[debug] [2023-01-03T23:43:27.067Z] <<< [apiv2][status] GET https://api.github.com/repos/hveitia/juderias/actions/secrets/public-key 404
[debug] [2023-01-03T23:43:27.067Z] <<< [apiv2][body] GET https://api.github.com/repos/hveitia/juderias/actions/secrets/public-key {"message":"Not Found","documentation_url":"https://docs.github.com/rest/reference/actions#get-a-repository-public-key"}
[debug] [2023-01-03T23:43:35.484Z] >>> [apiv2][query] GET https://api.github.com/repos//actions/secrets/public-key type=owner
[debug] [2023-01-03T23:43:35.653Z] >>> [apiv2][query] GET https://api.github.com/repos//actions/secrets/public-key type=owner
[debug] [2023-01-03T23:43:35.810Z] >>> [apiv2][query] GET https://api.github.com/repos//actions/secrets/public-key type=owner
[debug] [2023-01-03T23:43:35.825Z] <<< [apiv2][status] GET https://api.github.com/repos//actions/secrets/public-key 404
[debug] [2023-01-03T23:43:35.826Z] <<< [apiv2][body] GET https://api.github.com/repos//actions/secrets/public-key {"message":"Not Found","documentation_url":"https://docs.github.com/rest"}
[debug] [2023-01-03T23:43:35.981Z] >>> [apiv2][query] GET https://api.github.com/repos//actions/secrets/public-key type=owner
[debug] [2023-01-03T23:43:35.983Z] <<< [apiv2][status] GET https://api.github.com/repos//actions/secrets/public-key 404
[debug] [2023-01-03T23:43:35.983Z] <<< [apiv2][body] GET https://api.github.com/repos//actions/secrets/public-key {"message":"Not Found","documentation_url":"https://docs.github.com/rest"}
[debug] [2023-01-03T23:43:36.136Z] >>> [apiv2][query] GET https://api.github.com/repos//actions/secrets/public-key type=owner
[debug] [2023-01-03T23:43:36.138Z] <<< [apiv2][status] GET https://api.github.com/repos//actions/secrets/public-key 404
[debug] [2023-01-03T23:43:36.138Z] <<< [apiv2][body] GET https://api.github.com/repos//actions/secrets/public-key {"message":"Not Found","documentation_url":"https://docs.github.com/rest"}
[debug] [2023-01-03T23:43:36.272Z] >>> [apiv2][query] GET https://api.github.com/repos//actions/secrets/public-key type=owner
[debug] [2023-01-03T23:43:36.312Z] <<< [apiv2][status] GET https://api.github.com/repos//actions/secrets/public-key 404
[debug] [2023-01-03T23:43:36.312Z] <<< [apiv2][body] GET https://api.github.com/repos//actions/secrets/public-key {"message":"Not Found","documentation_url":"https://docs.github.com/rest"}
[debug] [2023-01-03T23:43:36.407Z] >>> [apiv2][query] GET https://api.github.com/repos//actions/secrets/public-key type=owner
[debug] [2023-01-03T23:43:36.457Z] <<< [apiv2][status] GET https://api.github.com/repos//actions/secrets/public-key 404
[debug] [2023-01-03T23:43:36.457Z] <<< [apiv2][body] GET https://api.github.com/repos//actions/secrets/public-key {"message":"Not Found","documentation_url":"https://docs.github.com/rest"}
[debug] [2023-01-03T23:43:36.602Z] <<< [apiv2][status] GET https://api.github.com/repos//actions/secrets/public-key 404
[debug] [2023-01-03T23:43:36.603Z] <<< [apiv2][body] GET https://api.github.com/repos//actions/secrets/public-key {"message":"Not Found","documentation_url":"https://docs.github.com/rest"}
[debug] [2023-01-03T23:43:36.728Z] <<< [apiv2][status] GET https://api.github.com/repos//actions/secrets/public-key 404
[debug] [2023-01-03T23:43:36.728Z] <<< [apiv2][body] GET https://api.github.com/repos//actions/secrets/public-key {"message":"Not Found","documentation_url":"https://docs.github.com/rest"}
[debug] [2023-01-03T23:44:44.099Z] >>> [apiv2][query] GET https://api.github.com/repos/hveitia/https://github.com/hveitia/juderias-web.git/actions/secrets/public-key type=owner
[debug] [2023-01-03T23:44:44.541Z] <<< [apiv2][status] GET https://api.github.com/repos/hveitia/https://github.com/hveitia/juderias-web.git/actions/secrets/public-key 404
[debug] [2023-01-03T23:44:44.541Z] <<< [apiv2][body] GET https://api.github.com/repos/hveitia/https://github.com/hveitia/juderias-web.git/actions/secrets/public-key {"message":"Not Found","documentation_url":"https://docs.github.com/rest"}
[debug] [2023-01-03T23:44:45.686Z] >>> [apiv2][query] GET https://api.github.com/repos/hveitia/https://github.com/hveitia/juderias-web.git/actions/secrets/public-key type=owner
[debug] [2023-01-03T23:44:46.022Z] <<< [apiv2][status] GET https://api.github.com/repos/hveitia/https://github.com/hveitia/juderias-web.git/actions/secrets/public-key 404
[debug] [2023-01-03T23:44:46.022Z] <<< [apiv2][body] GET https://api.github.com/repos/hveitia/https://github.com/hveitia/juderias-web.git/actions/secrets/public-key {"message":"Not Found","documentation_url":"https://docs.github.com/rest"}
